2023-12-02 23:07:08,010	[INFO]	(client.py:159)_bot_login	[botpy] 登录机器人账号中...
2023-12-02 23:07:12,329	[INFO]	(client.py:178)_bot_init	[botpy] 程序启动...
2023-12-02 23:07:12,329	[INFO]	(connection.py:59)multi_run	[botpy] 最大并发连接数: 1, 启动会话数: 1
2023-12-02 23:07:12,330	[INFO]	(client.py:236)bot_connect	[botpy] 会话启动中...
2023-12-02 23:07:12,330	[INFO]	(gateway.py:110)ws_connect	[botpy] 启动中...
2023-12-02 23:07:13,984	[INFO]	(gateway.py:136)ws_identify	[botpy] 鉴权中...
2023-12-02 23:07:14,345	[INFO]	(gateway.py:80)on_message	[botpy] 机器人「小傻狼-测试中」启动成功！
2023-12-02 23:07:14,346	[INFO]	(gateway.py:217)_send_heart	[botpy] 心跳维持启动...
2023-12-02 23:08:52,957	[INFO]	(client.py:159)_bot_login	[botpy] 登录机器人账号中...
2023-12-02 23:08:55,747	[INFO]	(client.py:178)_bot_init	[botpy] 程序启动...
2023-12-02 23:08:55,747	[INFO]	(connection.py:59)multi_run	[botpy] 最大并发连接数: 1, 启动会话数: 1
2023-12-02 23:08:55,747	[INFO]	(client.py:236)bot_connect	[botpy] 会话启动中...
2023-12-02 23:08:55,747	[INFO]	(gateway.py:110)ws_connect	[botpy] 启动中...
2023-12-02 23:08:57,481	[INFO]	(gateway.py:136)ws_identify	[botpy] 鉴权中...
2023-12-02 23:08:57,803	[INFO]	(gateway.py:80)on_message	[botpy] 机器人「小傻狼-测试中」启动成功！
2023-12-02 23:08:57,803	[INFO]	(gateway.py:217)_send_heart	[botpy] 心跳维持启动...
2023-12-02 23:11:41,330	[INFO]	(client.py:159)_bot_login	[botpy] 登录机器人账号中...
2023-12-02 23:11:46,077	[INFO]	(client.py:178)_bot_init	[botpy] 程序启动...
2023-12-02 23:11:46,077	[INFO]	(connection.py:59)multi_run	[botpy] 最大并发连接数: 1, 启动会话数: 1
2023-12-02 23:11:46,077	[INFO]	(client.py:236)bot_connect	[botpy] 会话启动中...
2023-12-02 23:11:46,077	[INFO]	(gateway.py:110)ws_connect	[botpy] 启动中...
2023-12-02 23:11:47,138	[INFO]	(gateway.py:136)ws_identify	[botpy] 鉴权中...
2023-12-02 23:11:47,428	[INFO]	(gateway.py:80)on_message	[botpy] 机器人「小傻狼-测试中」启动成功！
2023-12-02 23:11:47,429	[INFO]	(gateway.py:217)_send_heart	[botpy] 心跳维持启动...
2023-12-02 23:41:47,155	[INFO]	(gateway.py:54)on_closed	[botpy] 关闭, 返回码: 4009, 返回信息: Session timed out
2023-12-02 23:41:52,170	[INFO]	(connection.py:59)multi_run	[botpy] 最大并发连接数: 1, 启动会话数: 1
2023-12-02 23:41:52,170	[INFO]	(client.py:236)bot_connect	[botpy] 会话启动中...
2023-12-02 23:41:52,170	[INFO]	(gateway.py:110)ws_connect	[botpy] 启动中...
2023-12-02 23:41:55,497	[INFO]	(gateway.py:169)ws_resume	[botpy] 重连启动...
2023-12-02 23:41:55,850	[INFO]	(gateway.py:85)on_message	[botpy] 机器人重连成功! 
2023-12-02 23:41:55,850	[INFO]	(gateway.py:217)_send_heart	[botpy] 心跳维持启动...
2023-12-03 00:23:36,844	[INFO]	(client.py:159)_bot_login	[botpy] 登录机器人账号中...
2023-12-03 00:23:41,151	[INFO]	(client.py:178)_bot_init	[botpy] 程序启动...
2023-12-03 00:23:41,152	[INFO]	(connection.py:59)multi_run	[botpy] 最大并发连接数: 1, 启动会话数: 1
2023-12-03 00:23:41,152	[INFO]	(client.py:236)bot_connect	[botpy] 会话启动中...
2023-12-03 00:23:41,152	[INFO]	(gateway.py:110)ws_connect	[botpy] 启动中...
2023-12-03 00:23:42,125	[INFO]	(gateway.py:136)ws_identify	[botpy] 鉴权中...
2023-12-03 00:23:42,439	[INFO]	(gateway.py:80)on_message	[botpy] 机器人「小傻狼-测试中」启动成功！
2023-12-03 00:23:42,440	[INFO]	(gateway.py:217)_send_heart	[botpy] 心跳维持启动...
2023-12-03 00:57:51,349	[INFO]	(client.py:159)_bot_login	[botpy] 登录机器人账号中...
2023-12-03 00:57:56,075	[INFO]	(client.py:178)_bot_init	[botpy] 程序启动...
2023-12-03 00:57:56,076	[INFO]	(connection.py:59)multi_run	[botpy] 最大并发连接数: 1, 启动会话数: 1
2023-12-03 00:57:56,076	[INFO]	(client.py:236)bot_connect	[botpy] 会话启动中...
2023-12-03 00:57:56,076	[INFO]	(gateway.py:110)ws_connect	[botpy] 启动中...
2023-12-03 00:57:58,059	[INFO]	(gateway.py:136)ws_identify	[botpy] 鉴权中...
2023-12-03 00:57:58,379	[INFO]	(gateway.py:80)on_message	[botpy] 机器人「小傻狼-测试中」启动成功！
2023-12-03 00:57:58,380	[INFO]	(gateway.py:217)_send_heart	[botpy] 心跳维持启动...
2023-12-03 00:59:01,526	[INFO]	(client.py:159)_bot_login	[botpy] 登录机器人账号中...
2023-12-03 00:59:04,246	[INFO]	(client.py:178)_bot_init	[botpy] 程序启动...
2023-12-03 00:59:04,246	[INFO]	(connection.py:59)multi_run	[botpy] 最大并发连接数: 1, 启动会话数: 1
2023-12-03 00:59:04,247	[INFO]	(client.py:236)bot_connect	[botpy] 会话启动中...
2023-12-03 00:59:04,247	[INFO]	(gateway.py:110)ws_connect	[botpy] 启动中...
2023-12-03 00:59:05,228	[INFO]	(gateway.py:136)ws_identify	[botpy] 鉴权中...
2023-12-03 00:59:05,526	[INFO]	(gateway.py:80)on_message	[botpy] 机器人「小傻狼-测试中」启动成功！
2023-12-03 00:59:05,526	[INFO]	(gateway.py:217)_send_heart	[botpy] 心跳维持启动...
2023-12-03 01:55:00,218	[INFO]	(client.py:159)_bot_login	[botpy] 登录机器人账号中...
2023-12-03 01:55:03,609	[INFO]	(client.py:178)_bot_init	[botpy] 程序启动...
2023-12-03 01:55:03,609	[INFO]	(connection.py:59)multi_run	[botpy] 最大并发连接数: 1, 启动会话数: 1
2023-12-03 01:55:03,610	[INFO]	(client.py:236)bot_connect	[botpy] 会话启动中...
2023-12-03 01:55:03,610	[INFO]	(gateway.py:110)ws_connect	[botpy] 启动中...
2023-12-03 01:55:04,590	[INFO]	(gateway.py:136)ws_identify	[botpy] 鉴权中...
2023-12-03 01:55:04,892	[INFO]	(gateway.py:80)on_message	[botpy] 机器人「小傻狼-测试中」启动成功！
2023-12-03 01:55:04,893	[INFO]	(gateway.py:217)_send_heart	[botpy] 心跳维持启动...
2023-12-03 01:56:13,307	[INFO]	(client.py:159)_bot_login	[botpy] 登录机器人账号中...
2023-12-03 01:56:16,035	[INFO]	(client.py:178)_bot_init	[botpy] 程序启动...
2023-12-03 01:56:16,035	[INFO]	(connection.py:59)multi_run	[botpy] 最大并发连接数: 1, 启动会话数: 1
2023-12-03 01:56:16,035	[INFO]	(client.py:236)bot_connect	[botpy] 会话启动中...
2023-12-03 01:56:16,035	[INFO]	(gateway.py:110)ws_connect	[botpy] 启动中...
2023-12-03 01:56:17,541	[INFO]	(gateway.py:136)ws_identify	[botpy] 鉴权中...
2023-12-03 01:56:17,829	[INFO]	(gateway.py:80)on_message	[botpy] 机器人「小傻狼-测试中」启动成功！
2023-12-03 01:56:17,829	[INFO]	(gateway.py:217)_send_heart	[botpy] 心跳维持启动...
2023-12-03 01:57:44,286	[INFO]	(client.py:159)_bot_login	[botpy] 登录机器人账号中...
2023-12-03 01:57:48,543	[INFO]	(client.py:178)_bot_init	[botpy] 程序启动...
2023-12-03 01:57:48,543	[INFO]	(connection.py:59)multi_run	[botpy] 最大并发连接数: 1, 启动会话数: 1
2023-12-03 01:57:48,544	[INFO]	(client.py:236)bot_connect	[botpy] 会话启动中...
2023-12-03 01:57:48,544	[INFO]	(gateway.py:110)ws_connect	[botpy] 启动中...
2023-12-03 01:57:50,035	[INFO]	(gateway.py:136)ws_identify	[botpy] 鉴权中...
2023-12-03 01:57:50,320	[INFO]	(gateway.py:80)on_message	[botpy] 机器人「小傻狼-测试中」启动成功！
2023-12-03 01:57:50,320	[INFO]	(gateway.py:217)_send_heart	[botpy] 心跳维持启动...
2023-12-03 02:00:30,701	[INFO]	(client.py:159)_bot_login	[botpy] 登录机器人账号中...
2023-12-03 02:00:33,281	[INFO]	(client.py:178)_bot_init	[botpy] 程序启动...
2023-12-03 02:00:33,282	[INFO]	(connection.py:59)multi_run	[botpy] 最大并发连接数: 1, 启动会话数: 1
2023-12-03 02:00:33,282	[INFO]	(client.py:236)bot_connect	[botpy] 会话启动中...
2023-12-03 02:00:33,282	[INFO]	(gateway.py:110)ws_connect	[botpy] 启动中...
2023-12-03 02:00:34,801	[INFO]	(gateway.py:136)ws_identify	[botpy] 鉴权中...
2023-12-03 02:00:35,104	[INFO]	(gateway.py:80)on_message	[botpy] 机器人「小傻狼-测试中」启动成功！
2023-12-03 02:00:35,105	[INFO]	(gateway.py:217)_send_heart	[botpy] 心跳维持启动...
2023-12-03 02:00:46,345	[ERROR]	(http.py:73)_handle_response	[botpy] 接口请求异常，请求连接: https://api.sgroup.qq.com/channels/634379011/messages, 错误代码: 403, 返回内容: {'code': 304003, 'message': 'url not allowed'}, trace_id:043adbeb77e7083c72b56bdc03fdb02f
2023-12-03 02:03:25,840	[INFO]	(client.py:159)_bot_login	[botpy] 登录机器人账号中...
2023-12-03 02:03:29,022	[INFO]	(client.py:178)_bot_init	[botpy] 程序启动...
2023-12-03 02:03:29,022	[INFO]	(connection.py:59)multi_run	[botpy] 最大并发连接数: 1, 启动会话数: 1
2023-12-03 02:03:29,022	[INFO]	(client.py:236)bot_connect	[botpy] 会话启动中...
2023-12-03 02:03:29,023	[INFO]	(gateway.py:110)ws_connect	[botpy] 启动中...
2023-12-03 02:03:30,533	[INFO]	(gateway.py:136)ws_identify	[botpy] 鉴权中...
2023-12-03 02:03:30,838	[INFO]	(gateway.py:80)on_message	[botpy] 机器人「小傻狼-测试中」启动成功！
2023-12-03 02:03:30,838	[INFO]	(gateway.py:217)_send_heart	[botpy] 心跳维持启动...
2023-12-03 02:11:31,873	[INFO]	(client.py:159)_bot_login	[botpy] 登录机器人账号中...
2023-12-03 02:11:35,152	[INFO]	(client.py:178)_bot_init	[botpy] 程序启动...
2023-12-03 02:11:35,152	[INFO]	(connection.py:59)multi_run	[botpy] 最大并发连接数: 1, 启动会话数: 1
2023-12-03 02:11:35,152	[INFO]	(client.py:236)bot_connect	[botpy] 会话启动中...
2023-12-03 02:11:35,153	[INFO]	(gateway.py:110)ws_connect	[botpy] 启动中...
2023-12-03 02:11:36,126	[INFO]	(gateway.py:136)ws_identify	[botpy] 鉴权中...
2023-12-03 02:11:36,428	[INFO]	(gateway.py:80)on_message	[botpy] 机器人「小傻狼-测试中」启动成功！
2023-12-03 02:11:36,428	[INFO]	(gateway.py:217)_send_heart	[botpy] 心跳维持启动...
